#
# A fatal error has been detected by the Java Runtime Environment:
#
#  Internal Error (jvm.cpp:2666), pid=4624, tid=11660
#  fatal error: JVM_GetCPFieldClassNameUTF: illegal constant
#
# JRE version: OpenJDK Runtime Environment Temurin-17.0.8.1+1 (17.0.8.1+1) (build 17.0.8.1+1)
# Java VM: OpenJDK 64-Bit Server VM Temurin-17.0.8.1+1 (17.0.8.1+1, mixed mode, tiered, compressed oops, compressed class ptrs, g1 gc, windows-amd64)
# No core dump will be written. Minidumps are not enabled by default on client versions of Windows
#
# If you would like to submit a bug report, please visit:
#   https://github.com/adoptium/adoptium-support/issues
#

---------------  S U M M A R Y ------------

Command Line: -XX:+ShowCodeDetailsInExceptionMessages com.practiceproject.EmployeeManagementSystem.EmployeeManagementSystemApplication

Host: Intel(R) Celeron(R) N4020 CPU @ 1.10GHz, 2 cores, 11G,  Windows 10 , 64 bit Build 19041 (10.0.19041.2913)
Time: Wed Nov  1 22:40:01 2023 SE Asia Standard Time elapsed time: 14.465846 seconds (0d 0h 0m 14s)

---------------  T H R E A D  ---------------

Current thread (0x0000015b98863ef0):  JavaThread "restartedMain" [_thread_in_vm, id=11660, stack(0x0000002348400000,0x0000002348500000)]

Stack: [0x0000002348400000,0x0000002348500000]
Native frames: (J=compiled Java code, j=interpreted, Vv=VM code, C=native code)
V  [jvm.dll+0x678b0a]
V  [jvm.dll+0x835e84]
V  [jvm.dll+0x83762e]
V  [jvm.dll+0x24718b]
V  [jvm.dll+0x4178f4]
C  [verify.dll+0x1bc1]

Java frames: (J=compiled Java code, j=interpreted, Vv=VM code)
j  org.hibernate.bytecode.internal.bytebuddy.BytecodeProviderImpl.<clinit>()V+10
v  ~StubRoutines::call_stub
j  org.hibernate.bytecode.internal.BytecodeProviderInitiator.buildBytecodeProvider(Ljava/lang/String;)Lorg/hibernate/bytecode/spi/BytecodeProvider;+47
j  org.hibernate.bytecode.internal.BytecodeProviderInitiator.buildDefaultBytecodeProvider()Lorg/hibernate/bytecode/spi/BytecodeProvider;+2
j  org.hibernate.jpa.internal.enhance.EnhancingClassTransformerImpl.<init>(Lorg/hibernate/bytecode/enhance/spi/EnhancementContext;)V+15
j  org.hibernate.jpa.boot.internal.PersistenceUnitInfoDescriptor.pushClassTransformer(Lorg/hibernate/bytecode/enhance/spi/EnhancementContext;)V+9
j  org.springframework.orm.jpa.vendor.SpringHibernateJpaPersistenceProvider$1.pushClassTransformer(Lorg/hibernate/bytecode/enhance/spi/EnhancementContext;)V+8
j  org.hibernate.jpa.boot.internal.EntityManagerFactoryBuilderImpl.<init>(Lorg/hibernate/jpa/boot/spi/PersistenceUnitDescriptor;Ljava/util/Map;Ljava/lang/ClassLoader;Lorg/hibernate/boot/registry/classloading/spi/ClassLoaderService;Ljava/util/function/Consumer;)V+533
j  org.hibernate.jpa.boot.internal.EntityManagerFactoryBuilderImpl.<init>(Lorg/hibernate/jpa/boot/spi/PersistenceUnitDescriptor;Ljava/util/Map;)V+6
j  org.springframework.orm.jpa.vendor.SpringHibernateJpaPersistenceProvider.createContainerEntityManagerFactory(Ljakarta/persistence/spi/PersistenceUnitInfo;Ljava/util/Map;)Ljakarta/persistence/EntityManagerFactory;+56
j  org.springframework.orm.jpa.LocalContainerEntityManagerFactoryBean.createNativeEntityManagerFactory()Ljakarta/persistence/EntityManagerFactory;+111
j  org.springframework.orm.jpa.AbstractEntityManagerFactoryBean.buildNativeEntityManagerFactory()Ljakarta/persistence/EntityManagerFactory;+1
j  org.springframework.orm.jpa.AbstractEntityManagerFactoryBean.afterPropertiesSet()V+192
j  org.springframework.orm.jpa.LocalContainerEntityManagerFactoryBean.afterPropertiesSet()V+84
j  org.springframework.beans.factory.support.AbstractAutowireCapableBeanFactory.invokeInitMethods(Ljava/lang/String;Ljava/lang/Object;Lorg/springframework/beans/factory/support/RootBeanDefinition;)V+56
j  org.springframework.beans.factory.support.AbstractAutowireCapableBeanFactory.initializeBean(Ljava/lang/String;Ljava/lang/Object;Lorg/springframework/beans/factory/support/RootBeanDefinition;)Ljava/lang/Object;+34
j  org.springframework.beans.factory.support.AbstractAutowireCapableBeanFactory.doCreateBean(Ljava/lang/String;Lorg/springframework/beans/factory/support/RootBeanDefinition;[Ljava/lang/Object;)Ljava/lang/Object;+228
j  org.springframework.beans.factory.support.AbstractAutowireCapableBeanFactory.createBean(Ljava/lang/String;Lorg/springframework/beans/factory/support/RootBeanDefinition;[Ljava/lang/Object;)Ljava/lang/Object;+153
j  org.springframework.beans.factory.support.AbstractBeanFactory.lambda$doGetBean$0(Ljava/lang/String;Lorg/springframework/beans/factory/support/RootBeanDefinition;[Ljava/lang/Object;)Ljava/lang/Object;+4
j  org.springframework.beans.factory.support.AbstractBeanFactory$$Lambda$303+0x00000008002bedd8.getObject()Ljava/lang/Object;+16
j  org.springframework.beans.factory.support.DefaultSingletonBeanRegistry.getSingleton(Ljava/lang/String;Lorg/springframework/beans/factory/ObjectFactory;)Ljava/lang/Object;+114
J 2386 c1 org.springframework.beans.factory.support.AbstractBeanFactory.doGetBean(Ljava/lang/String;Ljava/lang/Class;[Ljava/lang/Object;Z)Ljava/lang/Object; (714 bytes) @ 0x0000015b804956d4 [0x0000015b804933c0+0x0000000000002314]
j  org.springframework.beans.factory.support.AbstractBeanFactory.getBean(Ljava/lang/String;)Ljava/lang/Object;+5
j  org.springframework.context.support.AbstractApplicationContext.getBean(Ljava/lang/String;)Ljava/lang/Object;+9
j  org.springframework.context.support.AbstractApplicationContext.finishBeanFactoryInitialization(Lorg/springframework/beans/factory/config/ConfigurableListableBeanFactory;)V+106
j  org.springframework.context.support.AbstractApplicationContext.refresh()V+86
j  org.springframework.boot.web.servlet.context.ServletWebServerApplicationContext.refresh()V+1
j  org.springframework.boot.SpringApplication.refresh(Lorg/springframework/context/ConfigurableApplicationContext;)V+1
j  org.springframework.boot.SpringApplication.refreshContext(Lorg/springframework/context/ConfigurableApplicationContext;)V+16
j  org.springframework.boot.SpringApplication.run([Ljava/lang/String;)Lorg/springframework/context/ConfigurableApplicationContext;+114
j  org.springframework.boot.SpringApplication.run([Ljava/lang/Class;[Ljava/lang/String;)Lorg/springframework/context/ConfigurableApplicationContext;+9
j  org.springframework.boot.SpringApplication.run(Ljava/lang/Class;[Ljava/lang/String;)Lorg/springframework/context/ConfigurableApplicationContext;+9
j  com.practiceproject.EmployeeManagementSystem.EmployeeManagementSystemApplication.main([Ljava/lang/String;)V+3
v  ~StubRoutines::call_stub
j  jdk.internal.reflect.NativeMethodAccessorImpl.invoke0(Ljava/lang/reflect/Method;Ljava/lang/Object;[Ljava/lang/Object;)Ljava/lang/Object;+0 java.base@17.0.8.1
j  jdk.internal.reflect.NativeMethodAccessorImpl.invoke(Ljava/lang/Object;[Ljava/lang/Object;)Ljava/lang/Object;+133 java.base@17.0.8.1
j  jdk.internal.reflect.DelegatingMethodAccessorImpl.invoke(Ljava/lang/Object;[Ljava/lang/Object;)Ljava/lang/Object;+6 java.base@17.0.8.1
j  java.lang.reflect.Method.invoke(Ljava/lang/Object;[Ljava/lang/Object;)Ljava/lang/Object;+59 java.base@17.0.8.1
j  org.springframework.boot.devtools.restart.RestartLauncher.run()V+47
v  ~StubRoutines::call_stub

---------------  P R O C E S S  ---------------

Threads class SMR info:
_java_thread_list=0x0000015b98b50590, length=17, elements={
0x0000015bf62be7d0, 0x0000015bff3bf740, 0x0000015bff3c05c0, 0x0000015bff3ccae0,
0x0000015bff3cd5b0, 0x0000015bff3ce370, 0x0000015b98037030, 0x0000015b98039c50,
0x0000015b9803a560, 0x0000015b980a8870, 0x0000015b98189fb0, 0x0000015b981ac030,
0x0000015b98cb5230, 0x0000015b98863ef0, 0x0000015b99430170, 0x0000015b98b46020,
0x0000015b9a538030
}

Java Threads: ( => current thread )
  0x0000015bf62be7d0 JavaThread "main" [_thread_blocked, id=9688, stack(0x0000002346f00000,0x0000002347000000)]
  0x0000015bff3bf740 JavaThread "Reference Handler" daemon [_thread_blocked, id=5516, stack(0x0000002347600000,0x0000002347700000)]
  0x0000015bff3c05c0 JavaThread "Finalizer" daemon [_thread_blocked, id=9936, stack(0x0000002347700000,0x0000002347800000)]
  0x0000015bff3ccae0 JavaThread "Signal Dispatcher" daemon [_thread_blocked, id=15940, stack(0x0000002347800000,0x0000002347900000)]
  0x0000015bff3cd5b0 JavaThread "Attach Listener" daemon [_thread_blocked, id=8772, stack(0x0000002347900000,0x0000002347a00000)]
  0x0000015bff3ce370 JavaThread "Service Thread" daemon [_thread_blocked, id=12552, stack(0x0000002347a00000,0x0000002347b00000)]
  0x0000015b98037030 JavaThread "Monitor Deflation Thread" daemon [_thread_blocked, id=5820, stack(0x0000002347b00000,0x0000002347c00000)]
  0x0000015b98039c50 JavaThread "C2 CompilerThread0" daemon [_thread_blocked, id=16312, stack(0x0000002347c00000,0x0000002347d00000)]
  0x0000015b9803a560 JavaThread "C1 CompilerThread0" daemon [_thread_blocked, id=14628, stack(0x0000002347d00000,0x0000002347e00000)]
  0x0000015b980a8870 JavaThread "Sweeper thread" daemon [_thread_blocked, id=4968, stack(0x0000002347e00000,0x0000002347f00000)]
  0x0000015b98189fb0 JavaThread "Notification Thread" daemon [_thread_blocked, id=7964, stack(0x0000002347f00000,0x0000002348000000)]
  0x0000015b981ac030 JavaThread "Common-Cleaner" daemon [_thread_blocked, id=11076, stack(0x0000002348100000,0x0000002348200000)]
  0x0000015b98cb5230 JavaThread "Thread-0" [_thread_blocked, id=9660, stack(0x0000002348300000,0x0000002348400000)]
=>0x0000015b98863ef0 JavaThread "restartedMain" [_thread_in_vm, id=11660, stack(0x0000002348400000,0x0000002348500000)]
  0x0000015b99430170 JavaThread "Catalina-utility-1" [_thread_blocked, id=8332, stack(0x0000002348500000,0x0000002348600000)]
  0x0000015b98b46020 JavaThread "Catalina-utility-2" [_thread_blocked, id=10056, stack(0x0000002348600000,0x0000002348700000)]
  0x0000015b9a538030 JavaThread "container-0" [_thread_blocked, id=7352, stack(0x0000002348700000,0x0000002348800000)]

Other Threads:
  0x0000015bff399df0 VMThread "VM Thread" [stack: 0x0000002347500000,0x0000002347600000] [id=6884]
  0x0000015b9818a8a0 WatcherThread [stack: 0x0000002348000000,0x0000002348100000] [id=14104]
  0x0000015bf849b9f0 GCTaskThread "GC Thread#0" [stack: 0x0000002347000000,0x0000002347100000] [id=2564]
  0x0000015b9868ffc0 GCTaskThread "GC Thread#1" [stack: 0x0000002348200000,0x0000002348300000] [id=12128]
  0x0000015bf84a8640 ConcurrentGCThread "G1 Main Marker" [stack: 0x0000002347100000,0x0000002347200000] [id=15776]
  0x0000015bf84a9050 ConcurrentGCThread "G1 Conc#0" [stack: 0x0000002347200000,0x0000002347300000] [id=14716]
  0x0000015bf84fd820 ConcurrentGCThread "G1 Refine#0" [stack: 0x0000002347300000,0x0000002347400000] [id=14028]
  0x0000015bf84fe250 ConcurrentGCThread "G1 Service" [stack: 0x0000002347400000,0x0000002347500000] [id=8996]

Threads with active compile tasks:

VM state: not at safepoint (normal execution)

VM Mutex/Monitor currently owned by a thread: None

Heap address: 0x0000000743000000, size: 3024 MB, Compressed Oops mode: Zero based, Oop shift amount: 3

CDS archive(s) not mapped
Compressed class space mapped at: 0x0000000800000000-0x0000000840000000, reserved size: 1073741824
Narrow klass base: 0x0000000800000000, Narrow klass shift: 0, Narrow klass range: 0x40000000

GC Precious Log:
 CPUs: 2 total, 2 available
 Memory: 12094M
 Large Page Support: Disabled
 NUMA Support: Disabled
 Compressed Oops: Enabled (Zero based)
 Heap Region Size: 2M
 Heap Min Capacity: 8M
 Heap Initial Capacity: 190M
 Heap Max Capacity: 3024M
 Pre-touch: Disabled
 Parallel Workers: 2
 Concurrent Workers: 1
 Concurrent Refinement Workers: 2
 Periodic GC: Disabled

Heap:
 garbage-first heap   total 118784K, used 29671K [0x0000000743000000, 0x0000000800000000)
  region size 2048K, 8 young (16384K), 1 survivors (2048K)
 Metaspace       used 40839K, committed 41344K, reserved 1114112K
  class space    used 5067K, committed 5312K, reserved 1048576K

Heap Regions: E=young(eden), S=young(survivor), O=old, HS=humongous(starts), HC=humongous(continues), CS=collection set, F=free, OA=open archive, CA=closed archive, TAMS=top-at-mark-start (previous, next)
|   0|0x0000000743000000, 0x0000000743200000, 0x0000000743200000|100%| O|  |TAMS 0x0000000743200000, 0x0000000743000000| Untracked 
|   1|0x0000000743200000, 0x0000000743400000, 0x0000000743400000|100%| O|  |TAMS 0x0000000743400000, 0x0000000743200000| Untracked 
|   2|0x0000000743400000, 0x0000000743600000, 0x0000000743600000|100%| O|  |TAMS 0x0000000743510400, 0x0000000743400000| Untracked 
|   3|0x0000000743600000, 0x0000000743800000, 0x0000000743800000|100%| O|  |TAMS 0x0000000743800000, 0x0000000743600000| Untracked 
|   4|0x0000000743800000, 0x0000000743800000, 0x0000000743a00000|  0%| F|  |TAMS 0x0000000743800000, 0x0000000743800000| Untracked 
|   5|0x0000000743a00000, 0x0000000743c00000, 0x0000000743c00000|100%| O|  |TAMS 0x0000000743c00000, 0x0000000743a00000| Untracked 
|   6|0x0000000743c00000, 0x0000000743e00000, 0x0000000743e00000|100%| O|  |TAMS 0x0000000743c00000, 0x0000000743c00000| Untracked 
|   7|0x0000000743e00000, 0x0000000744000000, 0x0000000744000000|100%| O|  |TAMS 0x0000000743e00000, 0x0000000743e00000| Untracked 
|   8|0x0000000744000000, 0x0000000744200000, 0x0000000744200000|100%| O|  |TAMS 0x0000000744000000, 0x0000000744000000| Untracked 
|   9|0x0000000744200000, 0x00000007442a5e00, 0x0000000744400000| 32%| O|  |TAMS 0x0000000744200000, 0x0000000744200000| Untracked 
|  10|0x0000000744400000, 0x0000000744400000, 0x0000000744600000|  0%| F|  |TAMS 0x0000000744400000, 0x0000000744400000| Untracked 
|  11|0x0000000744600000, 0x0000000744600000, 0x0000000744800000|  0%| F|  |TAMS 0x0000000744600000, 0x0000000744600000| Untracked 
|  12|0x0000000744800000, 0x0000000744800000, 0x0000000744a00000|  0%| F|  |TAMS 0x0000000744800000, 0x0000000744800000| Untracked 
|  13|0x0000000744a00000, 0x0000000744a00000, 0x0000000744c00000|  0%| F|  |TAMS 0x0000000744a00000, 0x0000000744a00000| Untracked 
|  14|0x0000000744c00000, 0x0000000744c00000, 0x0000000744e00000|  0%| F|  |TAMS 0x0000000744c00000, 0x0000000744c00000| Untracked 
|  15|0x0000000744e00000, 0x0000000744e00000, 0x0000000745000000|  0%| F|  |TAMS 0x0000000744e00000, 0x0000000744e00000| Untracked 
|  16|0x0000000745000000, 0x0000000745000000, 0x0000000745200000|  0%| F|  |TAMS 0x0000000745000000, 0x0000000745000000| Untracked 
|  17|0x0000000745200000, 0x0000000745200000, 0x0000000745400000|  0%| F|  |TAMS 0x0000000745200000, 0x0000000745200000| Untracked 
|  18|0x0000000745400000, 0x0000000745400000, 0x0000000745600000|  0%| F|  |TAMS 0x0000000745400000, 0x0000000745400000| Untracked 
|  19|0x0000000745600000, 0x0000000745600000, 0x0000000745800000|  0%| F|  |TAMS 0x0000000745600000, 0x0000000745600000| Untracked 
|  20|0x0000000745800000, 0x0000000745800000, 0x0000000745a00000|  0%| F|  |TAMS 0x0000000745800000, 0x0000000745800000| Untracked 
|  21|0x0000000745a00000, 0x0000000745a00000, 0x0000000745c00000|  0%| F|  |TAMS 0x0000000745a00000, 0x0000000745a00000| Untracked 
|  22|0x0000000745c00000, 0x0000000745c00000, 0x0000000745e00000|  0%| F|  |TAMS 0x0000000745c00000, 0x0000000745c00000| Untracked 
|  23|0x0000000745e00000, 0x0000000745e00000, 0x0000000746000000|  0%| F|  |TAMS 0x0000000745e00000, 0x0000000745e00000| Untracked 
|  24|0x0000000746000000, 0x0000000746000000, 0x0000000746200000|  0%| F|  |TAMS 0x0000000746000000, 0x0000000746000000| Untracked 
|  25|0x0000000746200000, 0x0000000746200000, 0x0000000746400000|  0%| F|  |TAMS 0x0000000746200000, 0x0000000746200000| Untracked 
|  26|0x0000000746400000, 0x0000000746400000, 0x0000000746600000|  0%| F|  |TAMS 0x0000000746400000, 0x0000000746400000| Untracked 
|  27|0x0000000746600000, 0x0000000746600000, 0x0000000746800000|  0%| F|  |TAMS 0x0000000746600000, 0x0000000746600000| Untracked 
|  28|0x0000000746800000, 0x0000000746800000, 0x0000000746a00000|  0%| F|  |TAMS 0x0000000746800000, 0x0000000746800000| Untracked 
|  29|0x0000000746a00000, 0x0000000746a00000, 0x0000000746c00000|  0%| F|  |TAMS 0x0000000746a00000, 0x0000000746a00000| Untracked 
|  30|0x0000000746c00000, 0x0000000746c00000, 0x0000000746e00000|  0%| F|  |TAMS 0x0000000746c00000, 0x0000000746c00000| Untracked 
|  31|0x0000000746e00000, 0x0000000746e00000, 0x0000000747000000|  0%| F|  |TAMS 0x0000000746e00000, 0x0000000746e00000| Untracked 
|  32|0x0000000747000000, 0x0000000747000000, 0x0000000747200000|  0%| F|  |TAMS 0x0000000747000000, 0x0000000747000000| Untracked 
|  33|0x0000000747200000, 0x0000000747200000, 0x0000000747400000|  0%| F|  |TAMS 0x0000000747200000, 0x0000000747200000| Untracked 
|  34|0x0000000747400000, 0x0000000747400000, 0x0000000747600000|  0%| F|  |TAMS 0x0000000747400000, 0x0000000747400000| Untracked 
|  35|0x0000000747600000, 0x0000000747600000, 0x0000000747800000|  0%| F|  |TAMS 0x0000000747600000, 0x0000000747600000| Untracked 
|  36|0x0000000747800000, 0x0000000747800000, 0x0000000747a00000|  0%| F|  |TAMS 0x0000000747800000, 0x0000000747800000| Untracked 
|  37|0x0000000747a00000, 0x0000000747a00000, 0x0000000747c00000|  0%| F|  |TAMS 0x0000000747a00000, 0x0000000747a00000| Untracked 
|  38|0x0000000747c00000, 0x0000000747c00000, 0x0000000747e00000|  0%| F|  |TAMS 0x0000000747c00000, 0x0000000747c00000| Untracked 
|  39|0x0000000747e00000, 0x0000000747e00000, 0x0000000748000000|  0%| F|  |TAMS 0x0000000747e00000, 0x0000000747e00000| Untracked 
|  40|0x0000000748000000, 0x0000000748000000, 0x0000000748200000|  0%| F|  |TAMS 0x0000000748000000, 0x0000000748000000| Untracked 
|  41|0x0000000748200000, 0x0000000748200000, 0x0000000748400000|  0%| F|  |TAMS 0x0000000748200000, 0x0000000748200000| Untracked 
|  42|0x0000000748400000, 0x0000000748400000, 0x0000000748600000|  0%| F|  |TAMS 0x0000000748400000, 0x0000000748400000| Untracked 
|  43|0x0000000748600000, 0x0000000748600000, 0x0000000748800000|  0%| F|  |TAMS 0x0000000748600000, 0x0000000748600000| Untracked 
|  44|0x0000000748800000, 0x0000000748800000, 0x0000000748a00000|  0%| F|  |TAMS 0x0000000748800000, 0x0000000748800000| Untracked 
|  45|0x0000000748a00000, 0x0000000748a00000, 0x0000000748c00000|  0%| F|  |TAMS 0x0000000748a00000, 0x0000000748a00000| Untracked 
|  46|0x0000000748c00000, 0x0000000748c00000, 0x0000000748e00000|  0%| F|  |TAMS 0x0000000748c00000, 0x0000000748c00000| Untracked 
|  47|0x0000000748e00000, 0x0000000748e00000, 0x0000000749000000|  0%| F|  |TAMS 0x0000000748e00000, 0x0000000748e00000| Untracked 
|  48|0x0000000749000000, 0x0000000749000000, 0x0000000749200000|  0%| F|  |TAMS 0x0000000749000000, 0x0000000749000000| Untracked 
|  49|0x0000000749200000, 0x0000000749200000, 0x0000000749400000|  0%| F|  |TAMS 0x0000000749200000, 0x0000000749200000| Untracked 
|  50|0x0000000749400000, 0x0000000749600000, 0x0000000749600000|100%| E|  |TAMS 0x0000000749400000, 0x0000000749400000| Complete 
|  51|0x0000000749600000, 0x0000000749800000, 0x0000000749800000|100%| E|CS|TAMS 0x0000000749600000, 0x0000000749600000| Complete 
|  52|0x0000000749800000, 0x0000000749a00000, 0x0000000749a00000|100%| E|CS|TAMS 0x0000000749800000, 0x0000000749800000| Complete 
|  53|0x0000000749a00000, 0x0000000749c00000, 0x0000000749c00000|100%| E|CS|TAMS 0x0000000749a00000, 0x0000000749a00000| Complete 
|  54|0x0000000749c00000, 0x0000000749e00000, 0x0000000749e00000|100%| E|CS|TAMS 0x0000000749c00000, 0x0000000749c00000| Complete 
|  81|0x000000074d200000, 0x000000074d400000, 0x000000074d400000|100%| E|CS|TAMS 0x000000074d200000, 0x000000074d200000| Complete 
|  82|0x000000074d400000, 0x000000074d4541f0, 0x000000074d600000| 16%| S|CS|TAMS 0x000000074d400000, 0x000000074d400000| Complete 
|  94|0x000000074ec00000, 0x000000074ee00000, 0x000000074ee00000|100%| E|CS|TAMS 0x000000074ec00000, 0x000000074ec00000| Complete 

Card table byte_map: [0x0000015bfb6b0000,0x0000015bfbca0000] _byte_map_base: 0x0000015bf7c98000

Marking Bits (Prev, Next): (CMBitMap*) 0x0000015bf849c010, (CMBitMap*) 0x0000015bf849c050
 Prev Bits: [0x0000015bfc290000, 0x0000015bff1d0000)
 Next Bits: [0x0000015b8f000000, 0x0000015b91f40000)

Polling page: 0x0000015bf6390000

Metaspace:

Usage:
  Non-class:     34.93 MB used.
      Class:      4.95 MB used.
       Both:     39.88 MB used.

Virtual space:
  Non-class space:       64.00 MB reserved,      35.19 MB ( 55%) committed,  1 nodes.
      Class space:        1.00 GB reserved,       5.19 MB ( <1%) committed,  1 nodes.
             Both:        1.06 GB reserved,      40.38 MB (  4%) committed. 

Chunk freelists:
   Non-Class:  12.61 MB
       Class:  10.86 MB
        Both:  23.47 MB

MaxMetaspaceSize: unlimited
CompressedClassSpaceSize: 1.00 GB
Initial GC threshold: 21.00 MB
Current GC threshold: 58.75 MB
CDS: off
MetaspaceReclaimPolicy: balanced
 - commit_granule_bytes: 65536.
 - commit_granule_words: 8192.
 - virtual_space_node_default_size: 8388608.
 - enlarge_chunks_in_place: 1.
 - new_chunks_are_fully_committed: 0.
 - uncommit_free_chunks: 1.
 - use_allocation_guard: 0.
 - handle_deallocations: 1.


Internal statistics:

num_allocs_failed_limit: 6.
num_arena_births: 548.
num_arena_deaths: 0.
num_vsnodes_births: 2.
num_vsnodes_deaths: 0.
num_space_committed: 646.
num_space_uncommitted: 0.
num_chunks_returned_to_freelist: 6.
num_chunks_taken_from_freelist: 1721.
num_chunk_merges: 3.
num_chunk_splits: 1175.
num_chunks_enlarged: 880.
num_inconsistent_stats: 0.

CodeHeap 'non-profiled nmethods': size=120064Kb used=2128Kb max_used=2128Kb free=117935Kb
 bounds [0x0000015b87ac0000, 0x0000015b87d30000, 0x0000015b8f000000]
CodeHeap 'profiled nmethods': size=120000Kb used=8523Kb max_used=8523Kb free=111476Kb
 bounds [0x0000015b80000000, 0x0000015b80860000, 0x0000015b87530000]
CodeHeap 'non-nmethods': size=5696Kb used=1221Kb max_used=1272Kb free=4474Kb
 bounds [0x0000015b87530000, 0x0000015b877a0000, 0x0000015b87ac0000]
 total_blobs=4450 nmethods=3921 adapters=442
 compilation: enabled
              stopped_count=0, restarted_count=0
 full_count=0

Compilation events (20 events):
Event: 14.229 Thread 0x0000015b9803a560 nmethod 3912 0x0000015b8084b890 code [0x0000015b8084ba20, 0x0000015b8084bb68]
Event: 14.230 Thread 0x0000015b9803a560 3913       3       jdk.internal.loader.BuiltinClassLoader::findResources (182 bytes)
Event: 14.231 Thread 0x0000015b98039c50 3916       4       jdk.internal.loader.ClassLoaders::platformClassLoader (4 bytes)
Event: 14.231 Thread 0x0000015b98039c50 nmethod 3916 0x0000015b87ccf510 code [0x0000015b87ccf680, 0x0000015b87ccf6d8]
Event: 14.232 Thread 0x0000015b98039c50 3917       4       java.util.ArrayList::<init> (12 bytes)
Event: 14.232 Thread 0x0000015b9803a560 nmethod 3913 0x0000015b8084bc10 code [0x0000015b8084c040, 0x0000015b8084e3a8]
Event: 14.232 Thread 0x0000015b9803a560 3914       3       jdk.internal.loader.BuiltinClassLoader::findResourcesOnClassPath (43 bytes)
Event: 14.233 Thread 0x0000015b9803a560 nmethod 3914 0x0000015b8084ef90 code [0x0000015b8084f1e0, 0x0000015b8084fb38]
Event: 14.233 Thread 0x0000015b9803a560 3915       3       jdk.internal.loader.BuiltinClassLoader$1::<init> (33 bytes)
Event: 14.233 Thread 0x0000015b98039c50 nmethod 3917 0x0000015b87ccf810 code [0x0000015b87ccf980, 0x0000015b87ccfab8]
Event: 14.233 Thread 0x0000015b9803a560 nmethod 3915 0x0000015b8084fe10 code [0x0000015b8084ffc0, 0x0000015b80850388]
Event: 14.233 Thread 0x0000015b98039c50 3918       4       sun.net.util.URLUtil::urlNoFragString (114 bytes)
Event: 14.239 Thread 0x0000015b9803a560 3920       3       java.util.List::of (4 bytes)
Event: 14.239 Thread 0x0000015b9803a560 nmethod 3920 0x0000015b80850490 code [0x0000015b80850620, 0x0000015b80850718]
Event: 14.292 Thread 0x0000015b9803a560 3921       3       java.lang.AbstractStringBuilder::setLength (66 bytes)
Event: 14.292 Thread 0x0000015b9803a560 nmethod 3921 0x0000015b80850790 code [0x0000015b808509c0, 0x0000015b80851138]
Event: 14.294 Thread 0x0000015b9803a560 3922       3       jdk.internal.jimage.ImageLocation::verify (218 bytes)
Event: 14.295 Thread 0x0000015b9803a560 nmethod 3922 0x0000015b80851490 code [0x0000015b80851740, 0x0000015b808524d8]
Event: 14.299 Thread 0x0000015b9803a560 3923       3       java.lang.Integer::stringSize (47 bytes)
Event: 14.300 Thread 0x0000015b9803a560 nmethod 3923 0x0000015b80852a10 code [0x0000015b80852bc0, 0x0000015b80852e18]

GC Heap History (20 events):
Event: 3.884 GC heap before
{Heap before GC invocations=3 (full 0):
 garbage-first heap   total 194560K, used 22147K [0x0000000743000000, 0x0000000800000000)
  region size 2048K, 9 young (18432K), 1 survivors (2048K)
 Metaspace       used 15732K, committed 15936K, reserved 1114112K
  class space    used 1790K, committed 1856K, reserved 1048576K
}
Event: 3.890 GC heap after
{Heap after GC invocations=4 (full 0):
 garbage-first heap   total 194560K, used 7123K [0x0000000743000000, 0x0000000800000000)
  region size 2048K, 2 young (4096K), 2 survivors (4096K)
 Metaspace       used 15732K, committed 15936K, reserved 1114112K
  class space    used 1790K, committed 1856K, reserved 1048576K
}
Event: 4.658 GC heap before
{Heap before GC invocations=4 (full 0):
 garbage-first heap   total 194560K, used 25555K [0x0000000743000000, 0x0000000800000000)
  region size 2048K, 12 young (24576K), 2 survivors (4096K)
 Metaspace       used 21302K, committed 21504K, reserved 1114112K
  class space    used 2434K, committed 2560K, reserved 1048576K
}
Event: 4.667 GC heap after
{Heap after GC invocations=5 (full 0):
 garbage-first heap   total 194560K, used 8467K [0x0000000743000000, 0x0000000800000000)
  region size 2048K, 2 young (4096K), 2 survivors (4096K)
 Metaspace       used 21302K, committed 21504K, reserved 1114112K
  class space    used 2434K, committed 2560K, reserved 1048576K
}
Event: 6.565 GC heap before
{Heap before GC invocations=6 (full 0):
 garbage-first heap   total 40960K, used 28947K [0x0000000743000000, 0x0000000800000000)
  region size 2048K, 12 young (24576K), 2 survivors (4096K)
 Metaspace       used 24417K, committed 24704K, reserved 1114112K
  class space    used 2839K, committed 3008K, reserved 1048576K
}
Event: 6.579 GC heap after
{Heap after GC invocations=7 (full 0):
 garbage-first heap   total 40960K, used 10548K [0x0000000743000000, 0x0000000800000000)
  region size 2048K, 2 young (4096K), 2 survivors (4096K)
 Metaspace       used 24417K, committed 24704K, reserved 1114112K
  class space    used 2839K, committed 3008K, reserved 1048576K
}
Event: 6.677 GC heap before
{Heap before GC invocations=7 (full 0):
 garbage-first heap   total 40960K, used 12596K [0x0000000743000000, 0x0000000800000000)
  region size 2048K, 3 young (6144K), 2 survivors (4096K)
 Metaspace       used 24684K, committed 24960K, reserved 1114112K
  class space    used 2871K, committed 3008K, reserved 1048576K
}
Event: 6.686 GC heap after
{Heap after GC invocations=8 (full 0):
 garbage-first heap   total 40960K, used 10788K [0x0000000743000000, 0x0000000800000000)
  region size 2048K, 1 young (2048K), 1 survivors (2048K)
 Metaspace       used 24684K, committed 24960K, reserved 1114112K
  class space    used 2871K, committed 3008K, reserved 1048576K
}
Event: 7.765 GC heap before
{Heap before GC invocations=8 (full 0):
 garbage-first heap   total 40960K, used 27172K [0x0000000743000000, 0x0000000800000000)
  region size 2048K, 9 young (18432K), 1 survivors (2048K)
 Metaspace       used 26588K, committed 26880K, reserved 1114112K
  class space    used 3111K, committed 3264K, reserved 1048576K
}
Event: 7.770 GC heap after
{Heap after GC invocations=9 (full 0):
 garbage-first heap   total 40960K, used 11557K [0x0000000743000000, 0x0000000800000000)
  region size 2048K, 1 young (2048K), 1 survivors (2048K)
 Metaspace       used 26588K, committed 26880K, reserved 1114112K
  class space    used 3111K, committed 3264K, reserved 1048576K
}
Event: 8.901 GC heap before
{Heap before GC invocations=9 (full 0):
 garbage-first heap   total 40960K, used 27941K [0x0000000743000000, 0x0000000800000000)
  region size 2048K, 9 young (18432K), 1 survivors (2048K)
 Metaspace       used 29344K, committed 29696K, reserved 1114112K
  class space    used 3519K, committed 3648K, reserved 1048576K
}
Event: 8.909 GC heap after
{Heap after GC invocations=10 (full 0):
 garbage-first heap   total 40960K, used 12892K [0x0000000743000000, 0x0000000800000000)
  region size 2048K, 2 young (4096K), 2 survivors (4096K)
 Metaspace       used 29344K, committed 29696K, reserved 1114112K
  class space    used 3519K, committed 3648K, reserved 1048576K
}
Event: 10.324 GC heap before
{Heap before GC invocations=10 (full 0):
 garbage-first heap   total 40960K, used 29276K [0x0000000743000000, 0x0000000800000000)
  region size 2048K, 10 young (20480K), 2 survivors (4096K)
 Metaspace       used 32974K, committed 33344K, reserved 1114112K
  class space    used 4049K, committed 4224K, reserved 1048576K
}
Event: 10.336 GC heap after
{Heap after GC invocations=11 (full 0):
 garbage-first heap   total 40960K, used 14976K [0x0000000743000000, 0x0000000800000000)
  region size 2048K, 2 young (4096K), 2 survivors (4096K)
 Metaspace       used 32974K, committed 33344K, reserved 1114112K
  class space    used 4049K, committed 4224K, reserved 1048576K
}
Event: 11.082 GC heap before
{Heap before GC invocations=11 (full 0):
 garbage-first heap   total 40960K, used 25216K [0x0000000743000000, 0x0000000800000000)
  region size 2048K, 8 young (16384K), 2 survivors (4096K)
 Metaspace       used 35645K, committed 35968K, reserved 1114112K
  class space    used 4338K, committed 4480K, reserved 1048576K
}
Event: 11.095 GC heap after
{Heap after GC invocations=12 (full 0):
 garbage-first heap   total 40960K, used 16402K [0x0000000743000000, 0x0000000800000000)
  region size 2048K, 2 young (4096K), 2 survivors (4096K)
 Metaspace       used 35645K, committed 35968K, reserved 1114112K
  class space    used 4338K, committed 4480K, reserved 1048576K
}
Event: 11.786 GC heap before
{Heap before GC invocations=13 (full 0):
 garbage-first heap   total 40960K, used 28690K [0x0000000743000000, 0x0000000800000000)
  region size 2048K, 8 young (16384K), 2 survivors (4096K)
 Metaspace       used 36848K, committed 37248K, reserved 1114112K
  class space    used 4500K, committed 4672K, reserved 1048576K
}
Event: 11.797 GC heap after
{Heap after GC invocations=14 (full 0):
 garbage-first heap   total 118784K, used 17747K [0x0000000743000000, 0x0000000800000000)
  region size 2048K, 1 young (2048K), 1 survivors (2048K)
 Metaspace       used 36848K, committed 37248K, reserved 1114112K
  class space    used 4500K, committed 4672K, reserved 1048576K
}
Event: 13.021 GC heap before
{Heap before GC invocations=14 (full 0):
 garbage-first heap   total 118784K, used 17747K [0x0000000743000000, 0x0000000800000000)
  region size 2048K, 2 young (4096K), 1 survivors (2048K)
 Metaspace       used 37217K, committed 37696K, reserved 1114112K
  class space    used 4574K, committed 4800K, reserved 1048576K
}
Event: 13.030 GC heap after
{Heap after GC invocations=15 (full 0):
 garbage-first heap   total 118784K, used 17383K [0x0000000743000000, 0x0000000800000000)
  region size 2048K, 1 young (2048K), 1 survivors (2048K)
 Metaspace       used 37217K, committed 37696K, reserved 1114112K
  class space    used 4574K, committed 4800K, reserved 1048576K
}

Dll operation events (9 events):
Event: 0.014 Loaded shared library C:\Users\Admin\.vscode\extensions\redhat.java-1.24.0-win32-x64\jre\17.0.8.1-win32-x86_64\bin\java.dll
Event: 0.563 Loaded shared library C:\Users\Admin\.vscode\extensions\redhat.java-1.24.0-win32-x64\jre\17.0.8.1-win32-x86_64\bin\net.dll
Event: 0.566 Loaded shared library C:\Users\Admin\.vscode\extensions\redhat.java-1.24.0-win32-x64\jre\17.0.8.1-win32-x86_64\bin\nio.dll
Event: 0.596 Loaded shared library C:\Users\Admin\.vscode\extensions\redhat.java-1.24.0-win32-x64\jre\17.0.8.1-win32-x86_64\bin\zip.dll
Event: 1.126 Loaded shared library C:\Users\Admin\.vscode\extensions\redhat.java-1.24.0-win32-x64\jre\17.0.8.1-win32-x86_64\bin\jimage.dll
Event: 2.112 Loaded shared library C:\Users\Admin\.vscode\extensions\redhat.java-1.24.0-win32-x64\jre\17.0.8.1-win32-x86_64\bin\management.dll
Event: 2.158 Loaded shared library C:\Users\Admin\.vscode\extensions\redhat.java-1.24.0-win32-x64\jre\17.0.8.1-win32-x86_64\bin\management_ext.dll
Event: 10.598 Loaded shared library C:\Users\Admin\.vscode\extensions\redhat.java-1.24.0-win32-x64\jre\17.0.8.1-win32-x86_64\bin\sunmscapi.dll
Event: 14.334 Loaded shared library C:\Users\Admin\.vscode\extensions\redhat.java-1.24.0-win32-x64\jre\17.0.8.1-win32-x86_64\bin\verify.dll

Deoptimization events (20 events):
Event: 11.649 Thread 0x0000015b98863ef0 Uncommon trap: trap_request=0xffffff45 fr.pc=0x0000015b87c56038 relative=0x0000000000000298
Event: 11.649 Thread 0x0000015b98863ef0 Uncommon trap: reason=unstable_if action=reinterpret pc=0x0000015b87c56038 method=java.util.concurrent.ConcurrentHashMap.get(Ljava/lang/Object;)Ljava/lang/Object; @ 152 c2
Event: 11.649 Thread 0x0000015b98863ef0 DEOPT PACKING pc=0x0000015b87c56038 sp=0x00000023484fc900
Event: 11.649 Thread 0x0000015b98863ef0 DEOPT UNPACKING pc=0x0000015b8758699d sp=0x00000023484fc868 mode 2
Event: 11.665 Thread 0x0000015b98863ef0 DEOPT PACKING pc=0x0000015b8051e974 sp=0x00000023484fbe30
Event: 11.665 Thread 0x0000015b98863ef0 DEOPT UNPACKING pc=0x0000015b87587124 sp=0x00000023484fb308 mode 0
Event: 12.899 Thread 0x0000015b98863ef0 Uncommon trap: trap_request=0xfffffff4 fr.pc=0x0000015b87c03594 relative=0x00000000000006d4
Event: 12.899 Thread 0x0000015b98863ef0 Uncommon trap: reason=null_check action=make_not_entrant pc=0x0000015b87c03594 method=org.springframework.beans.factory.support.DefaultListableBeanFactory.getBeanDefinition(Ljava/lang/String;)Lorg/springframework/beans/factory/config/BeanDefinition; @ 10 
Event: 12.899 Thread 0x0000015b98863ef0 DEOPT PACKING pc=0x0000015b87c03594 sp=0x00000023484fc120
Event: 12.899 Thread 0x0000015b98863ef0 DEOPT UNPACKING pc=0x0000015b8758699d sp=0x00000023484fc058 mode 2
Event: 12.934 Thread 0x0000015b98863ef0 Uncommon trap: trap_request=0xffffff45 fr.pc=0x0000015b87bc43bc relative=0x000000000000165c
Event: 12.934 Thread 0x0000015b98863ef0 Uncommon trap: reason=unstable_if action=reinterpret pc=0x0000015b87bc43bc method=java.net.URLStreamHandler.parseURL(Ljava/net/URL;Ljava/lang/String;II)V @ 155 c2
Event: 12.934 Thread 0x0000015b98863ef0 DEOPT PACKING pc=0x0000015b87bc43bc sp=0x00000023484fbf20
Event: 12.934 Thread 0x0000015b98863ef0 DEOPT UNPACKING pc=0x0000015b8758699d sp=0x00000023484fbee0 mode 2
Event: 14.067 Thread 0x0000015b98863ef0 DEOPT PACKING pc=0x0000015b807c96be sp=0x00000023484fcc10
Event: 14.067 Thread 0x0000015b98863ef0 DEOPT UNPACKING pc=0x0000015b87587124 sp=0x00000023484fc068 mode 0
Event: 14.293 Thread 0x0000015b98863ef0 Uncommon trap: trap_request=0xffffff45 fr.pc=0x0000015b87ba7a6c relative=0x00000000000010ec
Event: 14.293 Thread 0x0000015b98863ef0 Uncommon trap: reason=unstable_if action=reinterpret pc=0x0000015b87ba7a6c method=jdk.internal.jimage.ImageStringsReader.stringFromByteBufferMatches(Ljava/nio/ByteBuffer;ILjava/lang/String;I)I @ 48 c2
Event: 14.293 Thread 0x0000015b98863ef0 DEOPT PACKING pc=0x0000015b87ba7a6c sp=0x00000023484fc8d0
Event: 14.293 Thread 0x0000015b98863ef0 DEOPT UNPACKING pc=0x0000015b8758699d sp=0x00000023484fc608 mode 2

Classes unloaded (0 events):
No events

Classes redefined (0 events):
No events

Internal exceptions (20 events):
Event: 9.515 Thread 0x0000015b98863ef0 Exception <a 'java/lang/NoSuchMethodError'{0x0000000744ec28f0}: 'void java.lang.invoke.DirectMethodHandle$Holder.invokeStatic(java.lang.Object, int, java.lang.Object)'> (0x0000000744ec28f0) 
thrown [s\src\hotspot\share\interpreter\linkResolver.cpp, line 759]
Event: 9.578 Thread 0x0000015b98863ef0 Exception <a 'java/lang/NoSuchMethodError'{0x0000000744efe9f8}: 'void java.lang.invoke.DirectMethodHandle$Holder.invokeVirtual(java.lang.Object, java.lang.Object, int)'> (0x0000000744efe9f8) 
thrown [s\src\hotspot\share\interpreter\linkResolver.cpp, line 759]
Event: 9.579 Thread 0x0000015b98863ef0 Exception <a 'java/lang/NoSuchMethodError'{0x0000000744f04c40}: 'void java.lang.invoke.DirectMethodHandle$Holder.invokeStatic(java.lang.Object, java.lang.Object, java.lang.Object, int, java.lang.Object)'> (0x0000000744f04c40) 
thrown [s\src\hotspot\share\interpreter\linkResolver.cpp, line 759]
Event: 9.580 Thread 0x0000015b98863ef0 Exception <a 'java/lang/NoSuchMethodError'{0x0000000744f0c148}: 'java.lang.Object java.lang.invoke.DirectMethodHandle$Holder.newInvokeSpecial(java.lang.Object, java.lang.Object, java.lang.Object, int)'> (0x0000000744f0c148) 
thrown [s\src\hotspot\share\interpreter\linkResolver.cpp, line 759]
Event: 9.581 Thread 0x0000015b98863ef0 Exception <a 'java/lang/NoSuchMethodError'{0x0000000744f10430}: 'java.lang.Object java.lang.invoke.DirectMethodHandle$Holder.invokeSpecial(java.lang.Object, java.lang.Object, java.lang.Object, java.lang.Object, int)'> (0x0000000744f10430) 
thrown [s\src\hotspot\share\interpreter\linkResolver.cpp, line 759]
Event: 9.581 Thread 0x0000015b98863ef0 Exception <a 'java/lang/NoSuchMethodError'{0x0000000744f13ff8}: 'java.lang.Object java.lang.invoke.Invokers$Holder.linkToTargetMethod(java.lang.Object, java.lang.Object, int, java.lang.Object)'> (0x0000000744f13ff8) 
thrown [s\src\hotspot\share\interpreter\linkResolver.cpp, line 759]
Event: 9.975 Thread 0x0000015b98863ef0 Exception <a 'java/lang/NoSuchMethodError'{0x0000000744b2cd20}: 'java.lang.Object java.lang.invoke.DirectMethodHandle$Holder.invokeStaticInit(java.lang.Object, int, int, int, int)'> (0x0000000744b2cd20) 
thrown [s\src\hotspot\share\interpreter\linkResolver.cpp, line 759]
Event: 10.190 Thread 0x0000015b98863ef0 Exception <a 'java/lang/NoSuchMethodError'{0x000000074480cd90}: 'java.lang.Object java.lang.invoke.DirectMethodHandle$Holder.invokeStaticInit(java.lang.Object, java.lang.Object, int, int, int, int)'> (0x000000074480cd90) 
thrown [s\src\hotspot\share\interpreter\linkResolver.cpp, line 759]
Event: 10.835 Thread 0x0000015b98863ef0 Exception <a 'sun/nio/fs/WindowsException'{0x0000000744f2e4d0}> (0x0000000744f2e4d0) 
thrown [s\src\hotspot\share\prims\jni.cpp, line 516]
Event: 10.836 Thread 0x0000015b98863ef0 Exception <a 'sun/nio/fs/WindowsException'{0x0000000744f33ec8}> (0x0000000744f33ec8) 
thrown [s\src\hotspot\share\prims\jni.cpp, line 516]
Event: 10.837 Thread 0x0000015b98863ef0 Exception <a 'sun/nio/fs/WindowsException'{0x0000000744f345a0}> (0x0000000744f345a0) 
thrown [s\src\hotspot\share\prims\jni.cpp, line 516]
Event: 11.001 Thread 0x0000015b98863ef0 Exception <a 'java/lang/NoSuchMethodError'{0x0000000744c34a80}: 'java.lang.Object java.lang.invoke.DirectMethodHandle$Holder.invokeSpecial(java.lang.Object, java.lang.Object, long, java.lang.Object, java.lang.Object, java.lang.Object, java.lang.Object, java.lang.Object, java.lang.Object)'> (0x0000000744c34a80) 
thrown [s\src\hotspot\share\interpreter\linkResolver.cpp, line 759]
Event: 11.002 Thread 0x0000015b98863ef0 Exception <a 'java/lang/NoSuchMethodError'{0x0000000744c395a8}: 'java.lang.Object java.lang.invoke.DelegatingMethodHandle$Holder.reinvoke_L(java.lang.Object, long, java.lang.Object, java.lang.Object, java.lang.Object, java.lang.Object, java.lang.Object, java.lang.Object)'> (0x0000000744c395a8) 
thrown [s\src\hotspot\share\interpreter\linkResolver.cpp, line 759]
Event: 11.117 Thread 0x0000015b98863ef0 Implicit null exception at 0x0000015b87b64300 to 0x0000015b87b65a68
Event: 11.219 Thread 0x0000015b98863ef0 Exception <a 'java/io/FileNotFoundException'{0x000000074ed30cb0}> (0x000000074ed30cb0) 
thrown [s\src\hotspot\share\prims\jni.cpp, line 516]
Event: 11.279 Thread 0x0000015b98863ef0 Exception <a 'java/lang/NoSuchMethodError'{0x000000074d49fa78}: 'int java.lang.invoke.DirectMethodHandle$Holder.invokeInterface(java.lang.Object, java.lang.Object, java.lang.Object, java.lang.Object)'> (0x000000074d49fa78) 
thrown [s\src\hotspot\share\interpreter\linkResolver.cpp, line 759]
Event: 11.459 Thread 0x0000015b98863ef0 Exception <a 'java/lang/NoSuchMethodError'{0x000000074d29acf0}: 'long java.lang.invoke.DirectMethodHandle$Holder.invokeVirtual(java.lang.Object, java.lang.Object)'> (0x000000074d29acf0) 
thrown [s\src\hotspot\share\interpreter\linkResolver.cpp, line 759]
Event: 11.467 Thread 0x0000015b98863ef0 Exception <a 'java/io/FileNotFoundException'{0x000000074d2c98b8}> (0x000000074d2c98b8) 
thrown [s\src\hotspot\share\prims\jni.cpp, line 516]
Event: 12.899 Thread 0x0000015b98863ef0 Implicit null exception at 0x0000015b87c033db to 0x0000015b87c03588
Event: 12.930 Thread 0x0000015b98863ef0 Exception <a 'sun/nio/fs/WindowsException'{0x000000074ecf9fc0}> (0x000000074ecf9fc0) 
thrown [s\src\hotspot\share\prims\jni.cpp, line 516]

VM Operations (20 events):
Event: 11.034 Executing VM operation: HandshakeAllThreads
Event: 11.035 Executing VM operation: HandshakeAllThreads done
Event: 11.082 Executing VM operation: CollectForMetadataAllocation
Event: 11.103 Executing VM operation: CollectForMetadataAllocation done
Event: 11.123 Executing VM operation: G1PauseRemark
Event: 11.130 Executing VM operation: G1PauseRemark done
Event: 11.142 Executing VM operation: G1PauseCleanup
Event: 11.142 Executing VM operation: G1PauseCleanup done
Event: 11.405 Executing VM operation: HandshakeAllThreads
Event: 11.405 Executing VM operation: HandshakeAllThreads done
Event: 11.406 Executing VM operation: HandshakeAllThreads
Event: 11.406 Executing VM operation: HandshakeAllThreads done
Event: 11.474 Executing VM operation: HandshakeAllThreads
Event: 11.474 Executing VM operation: HandshakeAllThreads done
Event: 11.722 Executing VM operation: G1CollectForAllocation
Event: 12.820 Executing VM operation: G1CollectForAllocation done
Event: 13.001 Executing VM operation: G1CollectForAllocation
Event: 13.435 Executing VM operation: G1CollectForAllocation done
Event: 13.712 Executing VM operation: HandshakeAllThreads
Event: 13.712 Executing VM operation: HandshakeAllThreads done

Events (20 events):
Event: 13.470 loading class java/util/concurrent/ForkJoinWorkerThread
Event: 13.470 loading class java/util/concurrent/ForkJoinWorkerThread done
Event: 13.713 loading class java/util/ImmutableCollections$Map1
Event: 13.713 loading class java/util/ImmutableCollections$Map1 done
Event: 14.067 loading class java/util/UUID$Holder
Event: 14.067 loading class java/util/UUID$Holder done
Event: 14.283 loading class javax/xml/stream/XMLResolver
Event: 14.284 loading class javax/xml/stream/XMLResolver done
Event: 14.284 loading class javax/xml/stream/XMLStreamException
Event: 14.284 loading class javax/xml/stream/XMLStreamException done
Event: 14.284 loading class javax/xml/stream/XMLEventReader
Event: 14.284 loading class javax/xml/stream/XMLEventReader done
Event: 14.295 loading class javax/xml/stream/XMLEventFactory
Event: 14.296 loading class javax/xml/stream/XMLEventFactory done
Event: 14.296 loading class javax/xml/stream/FactoryFinder
Event: 14.296 loading class javax/xml/stream/FactoryFinder done
Event: 14.297 loading class javax/xml/stream/FactoryFinder$1
Event: 14.298 loading class javax/xml/stream/FactoryFinder$1 done
Event: 14.299 loading class com/sun/xml/internal/stream/events/XMLEventFactoryImpl
Event: 14.299 loading class com/sun/xml/internal/stream/events/XMLEventFactoryImpl done


Dynamic libraries:
0x00007ff77b230000 - 0x00007ff77b23e000 	C:\Users\Admin\.vscode\extensions\redhat.java-1.24.0-win32-x64\jre\17.0.8.1-win32-x86_64\bin\java.exe
0x00007ffce7a30000 - 0x00007ffce7c28000 	C:\Windows\SYSTEM32\ntdll.dll
0x00007ffce5b20000 - 0x00007ffce5bdf000 	C:\Windows\System32\KERNEL32.DLL
0x00007ffce53f0000 - 0x00007ffce56e6000 	C:\Windows\System32\KERNELBASE.dll
0x00007ffce5110000 - 0x00007ffce5210000 	C:\Windows\System32\ucrtbase.dll
0x00007ffcd3790000 - 0x00007ffcd37a7000 	C:\Users\Admin\.vscode\extensions\redhat.java-1.24.0-win32-x64\jre\17.0.8.1-win32-x86_64\bin\jli.dll
0x00007ffce7260000 - 0x00007ffce73fd000 	C:\Windows\System32\USER32.dll
0x00007ffce52b0000 - 0x00007ffce52d2000 	C:\Windows\System32\win32u.dll
0x00007ffce5fd0000 - 0x00007ffce5ffc000 	C:\Windows\System32\GDI32.dll
0x00007ffce5760000 - 0x00007ffce5875000 	C:\Windows\System32\gdi32full.dll
0x00007ffce5210000 - 0x00007ffce52ad000 	C:\Windows\System32\msvcp_win.dll
0x00007ffcd3770000 - 0x00007ffcd3789000 	C:\Users\Admin\.vscode\extensions\redhat.java-1.24.0-win32-x64\jre\17.0.8.1-win32-x86_64\bin\VCRUNTIME140.dll
0x00007ffce47c0000 - 0x00007ffce4a5a000 	C:\Windows\WinSxS\amd64_microsoft.windows.common-controls_6595b64144ccf1df_6.0.19041.1110_none_60b5254171f9507e\COMCTL32.dll
0x00007ffce7090000 - 0x00007ffce712e000 	C:\Windows\System32\msvcrt.dll
0x00007ffce77e0000 - 0x00007ffce7810000 	C:\Windows\System32\IMM32.DLL
0x00007ffcd7570000 - 0x00007ffcd757c000 	C:\Users\Admin\.vscode\extensions\redhat.java-1.24.0-win32-x64\jre\17.0.8.1-win32-x86_64\bin\vcruntime140_1.dll
0x00007ffcba750000 - 0x00007ffcba7e1000 	C:\Users\Admin\.vscode\extensions\redhat.java-1.24.0-win32-x64\jre\17.0.8.1-win32-x86_64\bin\msvcp140.dll
0x00007ffc50c50000 - 0x00007ffc5189c000 	C:\Users\Admin\.vscode\extensions\redhat.java-1.24.0-win32-x64\jre\17.0.8.1-win32-x86_64\bin\server\jvm.dll
0x00007ffce6070000 - 0x00007ffce611f000 	C:\Windows\System32\ADVAPI32.dll
0x00007ffce5f30000 - 0x00007ffce5fcc000 	C:\Windows\System32\sechost.dll
0x00007ffce7810000 - 0x00007ffce7936000 	C:\Windows\System32\RPCRT4.dll
0x00007ffce4d30000 - 0x00007ffce4d7b000 	C:\Windows\SYSTEM32\POWRPROF.dll
0x00007ffcdd210000 - 0x00007ffcdd219000 	C:\Windows\SYSTEM32\WSOCK32.dll
0x00007ffce6e10000 - 0x00007ffce6e7b000 	C:\Windows\System32\WS2_32.dll
0x00007ffcc5a30000 - 0x00007ffcc5a57000 	C:\Windows\SYSTEM32\WINMM.dll
0x00007ffce1e60000 - 0x00007ffce1e6a000 	C:\Windows\SYSTEM32\VERSION.dll
0x00007ffce4a60000 - 0x00007ffce4a72000 	C:\Windows\SYSTEM32\UMPDC.dll
0x00007ffce21d0000 - 0x00007ffce21e2000 	C:\Windows\SYSTEM32\kernel.appcore.dll
0x00007ffcd71e0000 - 0x00007ffcd71ea000 	C:\Users\Admin\.vscode\extensions\redhat.java-1.24.0-win32-x64\jre\17.0.8.1-win32-x86_64\bin\jimage.dll
0x00007ffce4b40000 - 0x00007ffce4d24000 	C:\Windows\SYSTEM32\DBGHELP.DLL
0x00007ffce4a80000 - 0x00007ffce4ab4000 	C:\Windows\SYSTEM32\dbgcore.DLL
0x00007ffce52e0000 - 0x00007ffce5362000 	C:\Windows\System32\bcryptPrimitives.dll
0x00007ffcd0740000 - 0x00007ffcd0765000 	C:\Users\Admin\.vscode\extensions\redhat.java-1.24.0-win32-x64\jre\17.0.8.1-win32-x86_64\bin\java.dll
0x00007ffcd07f0000 - 0x00007ffcd0808000 	C:\Users\Admin\.vscode\extensions\redhat.java-1.24.0-win32-x64\jre\17.0.8.1-win32-x86_64\bin\zip.dll
0x00007ffce6590000 - 0x00007ffce6cd4000 	C:\Windows\System32\SHELL32.dll
0x00007ffce2410000 - 0x00007ffce2ba3000 	C:\Windows\SYSTEM32\windows.storage.dll
0x00007ffce7400000 - 0x00007ffce7754000 	C:\Windows\System32\combase.dll
0x00007ffce43e0000 - 0x00007ffce440e000 	C:\Windows\SYSTEM32\Wldp.dll
0x00007ffce6fe0000 - 0x00007ffce708d000 	C:\Windows\System32\SHCORE.dll
0x00007ffce6010000 - 0x00007ffce6065000 	C:\Windows\System32\shlwapi.dll
0x00007ffce5050000 - 0x00007ffce506f000 	C:\Windows\SYSTEM32\profapi.dll
0x00007ffccfd90000 - 0x00007ffccfda9000 	C:\Users\Admin\.vscode\extensions\redhat.java-1.24.0-win32-x64\jre\17.0.8.1-win32-x86_64\bin\net.dll
0x00007ffcd25e0000 - 0x00007ffcd26ea000 	C:\Windows\SYSTEM32\WINHTTP.dll
0x00007ffce4160000 - 0x00007ffce41ca000 	C:\Windows\system32\mswsock.dll
0x00007ffccfd70000 - 0x00007ffccfd85000 	C:\Users\Admin\.vscode\extensions\redhat.java-1.24.0-win32-x64\jre\17.0.8.1-win32-x86_64\bin\nio.dll
0x00007ffcd4ba0000 - 0x00007ffcd4ba9000 	C:\Users\Admin\.vscode\extensions\redhat.java-1.24.0-win32-x64\jre\17.0.8.1-win32-x86_64\bin\management.dll
0x00007ffcd49b0000 - 0x00007ffcd49bb000 	C:\Users\Admin\.vscode\extensions\redhat.java-1.24.0-win32-x64\jre\17.0.8.1-win32-x86_64\bin\management_ext.dll
0x00007ffce6000000 - 0x00007ffce6008000 	C:\Windows\System32\PSAPI.DLL
0x00007ffce4ea0000 - 0x00007ffce4eb8000 	C:\Windows\SYSTEM32\CRYPTSP.dll
0x00007ffce3ae0000 - 0x00007ffce3b14000 	C:\Windows\system32\rsaenh.dll
0x00007ffce53c0000 - 0x00007ffce53e7000 	C:\Windows\System32\bcrypt.dll
0x00007ffce5010000 - 0x00007ffce503e000 	C:\Windows\SYSTEM32\USERENV.dll
0x00007ffce4350000 - 0x00007ffce435c000 	C:\Windows\SYSTEM32\CRYPTBASE.dll
0x00007ffce3e50000 - 0x00007ffce3e8c000 	C:\Windows\SYSTEM32\IPHLPAPI.DLL
0x00007ffce7130000 - 0x00007ffce7138000 	C:\Windows\System32\NSI.dll
0x00007ffcd3520000 - 0x00007ffcd3537000 	C:\Windows\SYSTEM32\dhcpcsvc6.DLL
0x00007ffcd2d60000 - 0x00007ffcd2d7d000 	C:\Windows\SYSTEM32\dhcpcsvc.DLL
0x00007ffce3e90000 - 0x00007ffce3f5b000 	C:\Windows\SYSTEM32\DNSAPI.dll
0x00007ffcd4680000 - 0x00007ffcd468e000 	C:\Users\Admin\.vscode\extensions\redhat.java-1.24.0-win32-x64\jre\17.0.8.1-win32-x86_64\bin\sunmscapi.dll
0x00007ffce5880000 - 0x00007ffce59de000 	C:\Windows\System32\CRYPT32.dll
0x00007ffce46a0000 - 0x00007ffce46c8000 	C:\Windows\SYSTEM32\ncrypt.dll
0x00007ffce4410000 - 0x00007ffce444b000 	C:\Windows\SYSTEM32\NTASN1.dll
0x00007ffcdfdc0000 - 0x00007ffcdfdd0000 	C:\Users\Admin\.vscode\extensions\redhat.java-1.24.0-win32-x64\jre\17.0.8.1-win32-x86_64\bin\verify.dll

dbghelp: loaded successfully - version: 4.0.5 - missing functions: none
symbol engine: initialized successfully - sym options: 0x614 - pdb path: .;C:\Users\Admin\.vscode\extensions\redhat.java-1.24.0-win32-x64\jre\17.0.8.1-win32-x86_64\bin;C:\Windows\SYSTEM32;C:\Windows\WinSxS\amd64_microsoft.windows.common-controls_6595b64144ccf1df_6.0.19041.1110_none_60b5254171f9507e;C:\Users\Admin\.vscode\extensions\redhat.java-1.24.0-win32-x64\jre\17.0.8.1-win32-x86_64\bin\server

VM Arguments:
jvm_args: -XX:+ShowCodeDetailsInExceptionMessages 
java_command: com.practiceproject.EmployeeManagementSystem.EmployeeManagementSystemApplication
java_class_path (initial): D:\CODE\EmployeeManagementSystem\target\classes;C:\Users\Admin\.m2\repository\javax\xml\bind\jaxb-api\2.4.0-b180830.0359\jaxb-api-2.4.0-b180830.0359.jar;C:\Users\Admin\.m2\repository\javax\activation\javax.activation-api\1.2.0\javax.activation-api-1.2.0.jar;C:\Users\Admin\.m2\repository\org\springframework\boot\spring-boot-starter-jdbc\3.1.5\spring-boot-starter-jdbc-3.1.5.jar;C:\Users\Admin\.m2\repository\org\springframework\boot\spring-boot-starter\3.1.5\spring-boot-starter-3.1.5.jar;C:\Users\Admin\.m2\repository\org\springframework\boot\spring-boot-starter-logging\3.1.5\spring-boot-starter-logging-3.1.5.jar;C:\Users\Admin\.m2\repository\ch\qos\logback\logback-classic\1.4.11\logback-classic-1.4.11.jar;C:\Users\Admin\.m2\repository\ch\qos\logback\logback-core\1.4.11\logback-core-1.4.11.jar;C:\Users\Admin\.m2\repository\org\apache\logging\log4j\log4j-to-slf4j\2.20.0\log4j-to-slf4j-2.20.0.jar;C:\Users\Admin\.m2\repository\org\apache\logging\log4j\log4j-api\2.20.0\log4j-api-2.20.0.jar;C:\Users\Admin\.m2\repository\org\slf4j\jul-to-slf4j\2.0.9\jul-to-slf4j-2.0.9.jar;C:\Users\Admin\.m2\repository\jakarta\annotation\jakarta.annotation-api\2.1.1\jakarta.annotation-api-2.1.1.jar;C:\Users\Admin\.m2\repository\org\yaml\snakeyaml\1.33\snakeyaml-1.33.jar;C:\Users\Admin\.m2\repository\com\zaxxer\HikariCP\5.0.1\HikariCP-5.0.1.jar;C:\Users\Admin\.m2\repository\org\slf4j\slf4j-api\2.0.9\slf4j-api-2.0.9.jar;C:\Users\Admin\.m2\repository\org\springframework\spring-jdbc\6.0.13\spring-jdbc-6.0.13.jar;C:\Users\Admin\.m2\repository\org\springframework\spring-beans\6.0.13\spring-beans-6.0.13.jar;C:\Users\Admin\.m2\repository\org\springframework\spring-tx\6.0.13\spring-tx-6.0.13.jar;C:\Users\Admin\.m2\repository\org\springframework\boot\spring-boot-starter-data-jpa\3.1.5\spring-boot-starter-data-jpa-3.1.5.jar;C:\Users\Admin\.m2\repository\org\springframework\boot\spring-boot-starter-aop\3.1.5\spring-boot-starter-aop-3.1.5.jar;C:\Users\Admin\.m2\repository\org\s
Launcher Type: SUN_STANDARD

[Global flags]
     intx CICompilerCount                          = 2                                         {product} {ergonomic}
     uint ConcGCThreads                            = 1                                         {product} {ergonomic}
     uint G1ConcRefinementThreads                  = 2                                         {product} {ergonomic}
   size_t G1HeapRegionSize                         = 2097152                                   {product} {ergonomic}
    uintx GCDrainStackTargetSize                   = 64                                        {product} {ergonomic}
   size_t InitialHeapSize                          = 199229440                                 {product} {ergonomic}
   size_t MarkStackSize                            = 4194304                                   {product} {ergonomic}
   size_t MaxHeapSize                              = 3170893824                                {product} {ergonomic}
   size_t MaxNewSize                               = 1902116864                                {product} {ergonomic}
   size_t MinHeapDeltaBytes                        = 2097152                                   {product} {ergonomic}
   size_t MinHeapSize                              = 8388608                                   {product} {ergonomic}
    uintx NonNMethodCodeHeapSize                   = 5826188                                {pd product} {ergonomic}
    uintx NonProfiledCodeHeapSize                  = 122916026                              {pd product} {ergonomic}
    uintx ProfiledCodeHeapSize                     = 122916026                              {pd product} {ergonomic}
    uintx ReservedCodeCacheSize                    = 251658240                              {pd product} {ergonomic}
     bool SegmentedCodeCache                       = true                                      {product} {ergonomic}
     bool ShowCodeDetailsInExceptionMessages       = true                                   {manageable} {command line}
   size_t SoftMaxHeapSize                          = 3170893824                             {manageable} {ergonomic}
     bool UseCompressedClassPointers               = true                           {product lp64_product} {ergonomic}
     bool UseCompressedOops                        = true                           {product lp64_product} {ergonomic}
     bool UseG1GC                                  = true                                      {product} {ergonomic}
     bool UseLargePagesIndividualAllocation        = false                                  {pd product} {ergonomic}

Logging:
Log output configuration:
 #0: stdout all=warning uptime,level,tags
 #1: stderr all=off uptime,level,tags

Environment Variables:
PATH=C:\Program Files (x86)\VMware\VMware Workstation\bin\;C:\Program Files\Common Files\Oracle\Java\javapath;C:\Windows\system32;C:\Windows;C:\Windows\System32\Wbem;C:\Windows\System32\WindowsPowerShell\v1.0\;C:\Windows\System32\OpenSSH\;C:\Program Files\Git\cmd;C:\Program Files\Microsoft SQL Server\150\Tools\Binn\;C:\Program Files\Microsoft SQL Server\Client SDK\ODBC\170\Tools\Binn\;C:\Program Files\dotnet\;C:\Program Files (x86)\Microsoft SQL Server\160\Tools\Binn\;C:\Program Files\Microsoft SQL Server\160\Tools\Binn\;C:\Program Files\Microsoft SQL Server\160\DTS\Binn\;C:\Program Files (x86)\Microsoft SQL Server\160\DTS\Binn\;C:\Program Files\Azure Data Studio\bin;C:\Program Files\Cloudflare\Cloudflare WARP\;C:\Users\Admin\AppData\Local\Microsoft\WindowsApps;C:\Users\Admin\.dotnet\tools;C:\Program Files\Azure Data Studio\bin;C:\Users\Admin\AppData\Local\Programs\Microsoft VS Code\bin
USERNAME=Admin
LANG=en_US.UTF-8
OS=Windows_NT
PROCESSOR_IDENTIFIER=Intel64 Family 6 Model 122 Stepping 8, GenuineIntel
TMP=C:\Users\Admin\AppData\Local\Temp
TEMP=C:\Users\Admin\AppData\Local\Temp



---------------  S Y S T E M  ---------------

OS:
 Windows 10 , 64 bit Build 19041 (10.0.19041.2913)
OS uptime: 29 days 10:52 hours

CPU: total 2 (initial active 2) (2 cores per cpu, 1 threads per core) family 6 model 122 stepping 8 microcode 0x1e, cx8, cmov, fxsr, mmx, 3dnowpref, sse, sse2, sse3, ssse3, sse4.1, sse4.2, popcnt, tsc, tscinvbit, aes, erms, clmul, sha, clflush, clflushopt
Processor Information for all 2 processors :
  Max Mhz: 1101, Current Mhz: 1101, Mhz Limit: 1101

Memory: 4k page, system-wide physical 12094M (6205M free)
TotalPageFile size 13950M (AvailPageFile size 6017M)
current process WorkingSet (physical memory assigned to process): 175M, peak: 175M
current process commit charge ("private bytes"): 264M, peak: 289M

vm_info: OpenJDK 64-Bit Server VM (17.0.8.1+1) for windows-amd64 JRE (17.0.8.1+1), built on Aug 23 2023 15:29:17 by "admin" with MS VC++ 16.7 (VS2019)

END.
